Nov 28, 2022 23:46:54.718 [0x7fe7c8683b38] INFO - Plex Tuner Service v1.29.2.6364-6d72b0cf6 - Docker Docker Container x86_64 - build: 
Nov 28, 2022 23:46:54.718 [0x7fe7c8683b38] INFO - Linux version: 6.0.8-1-MANJARO (#1 SMP PREEMPT_DYNAMIC Thu Nov 10 20:52:34 UTC 2022), language: en-US
Nov 28, 2022 23:46:54.718 [0x7fe7c8683b38] INFO - Processor Intel(R) Core(TM) i7-9750H CPU @ 2.60GHz
Nov 28, 2022 23:46:54.718 [0x7fe7c8683b38] INFO - /usr/lib/plexmediaserver/Plex Tuner Service /usr/lib/plexmediaserver/Resources/Tuner/Private /usr/lib/plexmediaserver/Resources/Tuner/Shared 1.29.2.6364-6d72b0cf6 32600
Nov 28, 2022 23:46:54.717 [0x7fe7ca087808] INFO - [I] broker_t::start...
Nov 28, 2022 23:46:54.719 [0x7fe7ca087808] INFO - [I] device_manager_t::init.
Nov 28, 2022 23:46:54.719 [0x7fe7ca087808] INFO - [I] device_manager_t::init. Initialize provider manager
Nov 28, 2022 23:46:54.719 [0x7fe7ca087808] INFO - [I] device_manager_t::init. Initialize all device auxes
Nov 28, 2022 23:46:54.719 [0x7fe7ca087808] INFO - [I] dvb_device_factory_t::get_aux_list
Nov 28, 2022 23:46:54.719 [0x7fe7ca087808] INFO - [I] tvbutler_aux_t::init
Nov 28, 2022 23:46:54.720 [0x7fe7ca087808] INFO - [I] web_server_t::start. Starting web server on port 32600
Nov 28, 2022 23:46:56.719 [0x7fe7c7c0bb38] DEBUG - Job running: './CrashUploader' '--directory=/config/Library/Application Support/Plex Media Server/Crash Reports/1.29.2.6364-6d72b0cf6' '--version=1.29.2.6364-6d72b0cf6' '--platform=Linux' '--platformVersion=6.0.8-1-MANJARO (#1 SMP PREEMPT_DYNAMIC Thu Nov 10 20:52:34 UTC 2022)' '--serverUuid=260b669e1a56bb54937adf6dbda6473f09f92b9a' '--userId=NOUSERID' '--sentryUrl=https://sentry.io/api/1233455/minidump' '--sentryKey=a3e2688bd169450d821535e4c3a607bf' '--vendor=Docker' '--model=x86_64' '--device=Docker Container' '--allowRetries=0'
Nov 28, 2022 23:46:56.720 [0x7fe7c7b07b38] ERROR - JobManager: child process returned: 2 (No such file or directory)
Nov 28, 2022 23:47:03.614 [0x7fe7c8423b38] INFO - [I] web_service_t::process_device_discovery
Nov 28, 2022 23:47:03.614 [0x7fe7c8423b38] INFO - [I] device_reactor_t::get_device_list ()
Nov 28, 2022 23:47:05.620 [0x7fe7c8423b38] INFO - [I] SAT2IP - discover_satip_servers(): no servers found
Nov 28, 2022 23:47:06.041 [0x7fe7c8423b38] INFO - [I] v4l::DeviceGetList_impl. getting v4l device list
Nov 28, 2022 23:47:06.044 [0x7fe7c8423b38] INFO - [I] onetv_factory::DeviceGetListEx >>
Nov 28, 2022 23:47:06.044 [0x7fe7c8423b38] WARN - [W] onetv_factory::DeviceGetListEx. libusb_init returned an error -99
Nov 28, 2022 23:48:17.100 [0x7fe7ca087808] INFO - Received SIGINT: Interrupt from keyboard.
