2022-11-29 06:58:40,961 (7fedac901808) :  INFO (core:349) - Starting framework core - Version: 2.6.3, Build: 6d72b0c (Tue Nov 01 09:48:56 UTC 2022)
2022-11-29 06:58:40,972 (7fedac901808) :  DEBUG (core:361) - Using the elevated policy
2022-11-29 06:58:41,039 (7fedac901808) :  DEBUG (core:365) - Extending whitelist: ['cgi', 'tempfile']
2022-11-29 06:58:41,195 (7fedac901808) :  DEBUG (core:450) - Starting runtime component.
2022-11-29 06:58:41,360 (7fedac901808) :  DEBUG (core:450) - Starting caching component.
2022-11-29 06:58:41,365 (7fedac901808) :  DEBUG (core:450) - Starting data component.
2022-11-29 06:58:41,407 (7fedac901808) :  DEBUG (core:450) - Starting networking component.
2022-11-29 06:58:41,470 (7fedac901808) :  DEBUG (networking:261) - Loaded HTTP cookies
2022-11-29 06:58:42,314 (7fedac901808) :  DEBUG (networking:428) - Setting the default network timeout to 20.0
2022-11-29 06:58:42,378 (7fedac901808) :  DEBUG (core:450) - Starting localization component.
2022-11-29 06:58:42,379 (7fedac901808) :  INFO (localization:409) - Setting the default locale to en-us
2022-11-29 06:58:42,388 (7fedac901808) :  WARNING (data:179) - Error decoding with simplejson, using demjson instead (this will cause a performance hit) - Expecting property name enclosed in double quotes: line 26 column 1 (char 1078)
2022-11-29 06:58:42,482 (7fedac901808) :  DEBUG (localization:427) - Loaded en strings
2022-11-29 06:58:42,734 (7fedac901808) :  DEBUG (core:450) - Starting messaging component.
2022-11-29 06:58:42,755 (7fedac901808) :  DEBUG (core:450) - Starting debugging component.
2022-11-29 06:58:42,755 (7fedac901808) :  DEBUG (core:450) - Starting services component.
2022-11-29 06:58:42,756 (7fedac901808) :  DEBUG (core:450) - Starting myplex component.
2022-11-29 06:58:42,756 (7fedac901808) :  DEBUG (core:450) - Starting notifications component.
2022-11-29 06:58:42,826 (7fedac901808) :  DEBUG (accessor:68) - Creating a new model access point for provider com.plexapp.system in namespace 'metadata'
2022-11-29 06:58:42,841 (7feda956fb38) :  DEBUG (services:265) - Plug-in is not daemonized - loading services from system
2022-11-29 06:58:42,841 (7fedac901808) :  DEBUG (runtime:1117) - Created a thread named 'load_all_services'
2022-11-29 06:58:42,942 (7feda956fb38) :  DEBUG (networking:143) - Requesting 'http://127.0.0.1:32400/:/plugins/com.plexapp.system/messaging/function/X0J1bmRsZVNlcnZpY2U6QWxsU2VydmljZXM_/Y2VyZWFsMQoxCmxpc3QKMApyMAo_/Y2VyZWFsMQoxCmRpY3QKMApyMAo_'
2022-11-29 06:58:42,946 (7fedac901808) :  DEBUG (runtime:1117) - Created a thread named 'get_server_info'
2022-11-29 06:58:42,948 (7fedac901808) :  DEBUG (core:150) - Finished starting framework core
2022-11-29 06:58:42,948 (7feda9529b38) :  DEBUG (networking:143) - Requesting 'http://127.0.0.1:32400'
2022-11-29 06:58:42,949 (7fedac901808) :  DEBUG (core:560) - Loading plug-in code
2022-11-29 06:58:42,951 (7feda956fb38) :  ERROR (networking:196) - Error opening URL 'http://127.0.0.1:32400/:/plugins/com.plexapp.system/messaging/function/X0J1bmRsZVNlcnZpY2U6QWxsU2VydmljZXM_/Y2VyZWFsMQoxCmxpc3QKMApyMAo_/Y2VyZWFsMQoxCmRpY3QKMApyMAo_'
2022-11-29 06:58:42,955 (7feda956fb38) :  ERROR (services:272) - Unable to load services from system. Loading from the current bundle only.
2022-11-29 06:58:42,955 (7feda9529b38) :  ERROR (networking:196) - Error opening URL 'http://127.0.0.1:32400'
2022-11-29 06:58:42,988 (7fedac901808) :  DEBUG (core:566) - Finished loading plug-in code
2022-11-29 06:58:43,141 (7feda956fb38) :  DEBUG (services:362) - Loaded services
2022-11-29 06:58:43,147 (7feda9529b38) :  WARNING (core:541) - Unable to retrieve the machine identifier or server version.
2022-11-29 06:58:43,164 (7fedac901808) :  DEBUG (runtime:640) - Adding a prefix handler for 'System' ('/system')
2022-11-29 06:58:43,339 (7feda954cb38) :  DEBUG (services:438) - No shared code to load
2022-11-29 06:58:43,792 (7fedac901808) :  INFO (__init__:35) - Starting System 6d72b0c (Tue Nov 01 09:48:56 UTC 2022)
2022-11-29 06:58:43,977 (7fedac901808) :  DEBUG (runtime:640) - Adding a prefix handler for 'Player' ('/player')
2022-11-29 06:58:44,011 (7fedac901808) :  INFO (datakit:93) - Loaded the dictionary file
2022-11-29 06:58:44,040 (7fedac901808) :  DEBUG (agentservice:52) - Starting the agent service
2022-11-29 06:58:44,138 (7fedac901808) :  DEBUG (accessor:68) - Creating a new model access point for provider com.plexapp.system in namespace 'metadata'
2022-11-29 06:58:44,164 (7fedac901808) :  DEBUG (bundleservice:65) - Starting the bundle service
2022-11-29 06:58:44,164 (7fedac901808) :  DEBUG (runtime:1117) - Created a thread named 'start'
2022-11-29 06:58:44,165 (7fedac901808) :  DEBUG (playerservice:12) - Starting the player service
2022-11-29 06:58:44,165 (7fedac901808) :  DEBUG (flagservice:13) - Starting the media flag service
2022-11-29 06:58:44,165 (7fedac901808) :  DEBUG (runtime:1117) - Created a thread named 'start'
2022-11-29 06:58:44,166 (7fedac901808) :  DEBUG (peerservice:141) - Starting the peer service
2022-11-29 06:58:44,166 (7feda9350b38) :  DEBUG (runtime:1117) - Created a thread named 'ensure_agent_info_exists_inner'
2022-11-29 06:58:44,167 (7feda930ab38) :  DEBUG (peerservice:164) - Fetching the current list of servers
2022-11-29 06:58:44,167 (7fedac901808) :  DEBUG (runtime:1117) - Created a thread named 'refresh_servers'
2022-11-29 06:58:44,168 (7fedac901808) :  DEBUG (runtime:1150) - Scheduled a timed thread named 'refresh_servers'
2022-11-29 06:58:44,168 (7feda930ab38) :  DEBUG (networking:143) - Requesting 'http://127.0.0.1:32400/servers'
2022-11-29 06:58:44,168 (7fedac901808) :  DEBUG (streamservice:18) - Starting the stream service
2022-11-29 06:58:44,169 (7feda9350b38) :  DEBUG (runtime:1117) - Created a thread named 'ensure_agent_info_exists_inner'
2022-11-29 06:58:44,169 (7fedac901808) :  CRITICAL (runtime:709) - Private handlers are no longer supported; couldn't register <bound method StreamService.token_handler of <streamservice.StreamService object at 0x7fedaa274b90>>
2022-11-29 06:58:44,170 (7feda930ab38) :  ERROR (networking:196) - Error opening URL 'http://127.0.0.1:32400/servers'
2022-11-29 06:58:44,170 (7fedac901808) :  DEBUG (runtime:1150) - Scheduled a timed thread named 'invalidation_timer'
2022-11-29 06:58:44,171 (7fedac901808) :  DEBUG (proxyservice:12) - Starting the proxy service
2022-11-29 06:58:44,173 (7feda9350b38) :  DEBUG (runtime:1117) - Created a thread named 'ensure_agent_info_exists_inner'
2022-11-29 06:58:44,173 (7fedac901808) :  DEBUG (runtime:1117) - Created a thread named 'update_attribution_flags_inner'
2022-11-29 06:58:44,174 (7fedac901808) :  INFO (core:611) - Started plug-in
2022-11-29 06:58:44,174 (7fedac901808) :  DEBUG (socketinterface:160) - Starting socket server
2022-11-29 06:58:44,175 (7feda9350b38) :  DEBUG (runtime:1117) - Created a thread named 'ensure_agent_info_exists_inner'
2022-11-29 06:58:44,175 (7fedac901808) :  DEBUG (runtime:1117) - Created a thread named 'start'
2022-11-29 06:58:44,176 (7feda930ab38) :  CRITICAL (runtime:1128) - Exception in thread named 'refresh_servers' (most recent call last):
  File "/usr/lib/plexmediaserver/Resources/Plug-ins-6d72b0cf6/Framework.bundle/Contents/Resources/Versions/2/Python/Framework/components/runtime.py", line 1126, in _start_thread
    f(*args, **kwargs)
  File "/usr/lib/plexmediaserver/Resources/Plug-ins-6d72b0cf6/System.bundle/Contents/Code/peerservice.py", line 169, in refresh_servers
    servers_el = self.get_servers_el()
  File "/usr/lib/plexmediaserver/Resources/Plug-ins-6d72b0cf6/System.bundle/Contents/Code/peerservice.py", line 165, in get_servers_el
    return XML.ElementFromURL('http://127.0.0.1:32400/servers', cacheTime = 0)
  File "/usr/lib/plexmediaserver/Resources/Plug-ins-6d72b0cf6/Framework.bundle/Contents/Resources/Versions/2/Python/Framework/api/parsekit.py", line 344, in ElementFromURL
    method=method,
  File "/usr/lib/plexmediaserver/Resources/Plug-ins-6d72b0cf6/Framework.bundle/Contents/Resources/Versions/2/Python/Framework/api/networkkit.py", line 67, in _http_request
    req = self._core.networking.http_request(url, *args, **kwargs)
  File "/usr/lib/plexmediaserver/Resources/Plug-ins-6d72b0cf6/Framework.bundle/Contents/Resources/Versions/2/Python/Framework/components/networking.py", line 346, in http_request
    return HTTPRequest(self._core, url, data, h, url_cache, encoding, errors, timeout, immediate, sleep, opener, follow_redirects, method)
  File "/usr/lib/plexmediaserver/Resources/Plug-ins-6d72b0cf6/Framework.bundle/Contents/Resources/Versions/2/Python/Framework/components/networking.py", line 118, in __init__
    self.load()
  File "/usr/lib/plexmediaserver/Resources/Plug-ins-6d72b0cf6/Framework.bundle/Contents/Resources/Versions/2/Python/Framework/components/networking.py", line 158, in load
    f = self._opener.open(req, timeout=self._timeout)
  File "/usr/lib/plexmediaserver/Resources/Python/python27.zip/urllib2.py", line 435, in open
    response = meth(req, response)
  File "/usr/lib/plexmediaserver/Resources/Python/python27.zip/urllib2.py", line 548, in http_response
    'http', request, response, code, msg, hdrs)
  File "/usr/lib/plexmediaserver/Resources/Python/python27.zip/urllib2.py", line 473, in error
    return self._call_chain(*args)
  File "/usr/lib/plexmediaserver/Resources/Python/python27.zip/urllib2.py", line 407, in _call_chain
    result = func(*args)
  File "/usr/lib/plexmediaserver/Resources/Python/python27.zip/urllib2.py", line 556, in http_error_default
    raise HTTPError(req.get_full_url(), code, msg, hdrs, fp)
HTTPError: HTTP Error 503: Service Unavailable

2022-11-29 06:58:44,176 (7fedac901808) :  INFO (socketinterface:184) - Socket server started on port 42597
2022-11-29 06:58:44,177 (7feda9350b38) :  DEBUG (runtime:1117) - Created a thread named 'ensure_agent_info_exists_inner'
2022-11-29 06:58:44,177 (7fedac901808) :  INFO (pipeinterface:25) - Entering run loop
2022-11-29 06:58:44,178 (7fedac901808) :  DEBUG (runtime:717) - Handling request GET /:/prefixes
2022-11-29 06:58:44,180 (7fedac901808) :  DEBUG (runtime:814) - Found route matching /:/prefixes
2022-11-29 06:58:44,182 (7fedac901808) :  DEBUG (runtime:924) - Response: [200] MediaContainer, 486 bytes
2022-11-29 06:58:44,182 (7feda9350b38) :  DEBUG (runtime:1117) - Created a thread named 'ensure_agent_info_exists_inner'
2022-11-29 06:58:44,183 (7feda930ab38) :  DEBUG (runtime:717) - Handling request GET /system/agents
2022-11-29 06:58:44,183 (7feda9350b38) :  DEBUG (runtime:1117) - Created a thread named 'ensure_agent_info_exists_inner'
2022-11-29 06:58:44,197 (7feda930ab38) :  DEBUG (runtime:814) - Found route matching /system/agents
2022-11-29 06:58:44,201 (7feda9350b38) :  DEBUG (runtime:1117) - Created a thread named 'ensure_agent_info_exists_inner'
2022-11-29 06:58:44,203 (7feda9350b38) :  DEBUG (runtime:1117) - Created a thread named 'ensure_agent_info_exists_inner'
2022-11-29 06:58:44,215 (7feda9350b38) :  INFO (bundleservice:131) - Found duplicate identifier at /usr/lib/plexmediaserver/Resources/Plug-ins-6d72b0cf6/WebClient.bundle for bundled plugin (com.plexapp.plugins.webclient), ignoring duplicate plugin.
2022-11-29 06:58:44,216 (7feda9350b38) :  DEBUG (runtime:1117) - Created a thread named 'ensure_agent_info_exists_inner'
2022-11-29 06:58:44,217 (7feda9350b38) :  DEBUG (runtime:1117) - Created a thread named 'ensure_agent_info_exists_inner'
2022-11-29 06:58:44,218 (7feda9350b38) :  DEBUG (runtime:1117) - Created a thread named 'ensure_agent_info_exists_inner'
2022-11-29 06:58:44,218 (7feda9350b38) :  INFO (bundleservice:131) - Found duplicate identifier at /usr/lib/plexmediaserver/Resources/Plug-ins-6d72b0cf6/TheTVDBv4.bundle for bundled plugin (com.plexapp.agents.thetvdb), ignoring duplicate plugin.
2022-11-29 06:58:44,219 (7feda9350b38) :  DEBUG (runtime:1117) - Created a thread named 'ensure_agent_info_exists_inner'
2022-11-29 06:58:44,220 (7feda9350b38) :  DEBUG (runtime:1117) - Created a thread named 'ensure_agent_info_exists_inner'
2022-11-29 06:58:44,221 (7feda9350b38) :  DEBUG (runtime:1117) - Created a thread named 'ensure_agent_info_exists_inner'
2022-11-29 06:58:44,222 (7feda9350b38) :  DEBUG (runtime:1117) - Created a thread named 'ensure_agent_info_exists_inner'
2022-11-29 06:58:44,224 (7feda9350b38) :  DEBUG (runtime:1117) - Created a thread named 'ensure_agent_info_exists_inner'
2022-11-29 06:58:44,224 (7feda9350b38) :  DEBUG (runtime:1117) - Created a thread named 'remove_unavailable_agents'
2022-11-29 06:58:44,225 (7feda9350b38) :  DEBUG (bundleservice:81) - Started the bundle service
2022-11-29 06:58:44,226 (7feda932db38) :  DEBUG (flagservice:46) - Started the media flag service
2022-11-29 06:58:44,229 (7feda8bffb38) :  INFO (agentservice:129) - Agent info: {'com.plexapp.agents.fanarttv': [{'media_types': ['Movie'], 'primary_provider': False, 'fallback_agent': None, 'contributes_to': ['com.plexapp.agents.imdb', 'com.plexapp.agents.themoviedb'], 'has_attribution': True, 'languages': ['xn'], 'persist_stored_files': True, 'version': 0, 'accepts_from': None, 'prefs': True, 'name': 'Fanart.tv'}, {'media_types': ['TV_Show'], 'primary_provider': False, 'fallback_agent': None, 'contributes_to': ['com.plexapp.agents.thetvdb', 'com.plexapp.agents.themoviedb'], 'has_attribution': True, 'languages': ['xn'], 'persist_stored_files': True, 'version': 0, 'accepts_from': None, 'prefs': True, 'name': 'Fanart.tv'}, {'media_types': ['Artist'], 'primary_provider': False, 'fallback_agent': None, 'contributes_to': ['com.plexapp.agents.lastfm'], 'has_attribution': True, 'languages': ['xn'], 'persist_stored_files': True, 'version': 0, 'accepts_from': None, 'prefs': True, 'name': 'Fanart.tv'}, {'media_types': ['Album'], 'primary_provider': False, 'fallback_agent': None, 'contributes_to': ['com.plexapp.agents.lastfm'], 'has_attribution': True, 'languages': ['xn'], 'persist_stored_files': True, 'version': 0, 'accepts_from': None, 'prefs': True, 'name': 'Fanart.tv'}], 'com.plexapp.agents.none': [{'media_types': ['Movie'], 'primary_provider': True, 'fallback_agent': None, 'contributes_to': None, 'has_attribution': False, 'languages': ['xn'], 'persist_stored_files': True, 'version': 0, 'accepts_from': None, 'prefs': False, 'name': 'Personal Media'}, {'media_types': ['TV_Show'], 'primary_provider': True, 'fallback_agent': None, 'contributes_to': None, 'has_attribution': False, 'languages': ['xn'], 'persist_stored_files': True, 'version': 0, 'accepts_from': None, 'prefs': False, 'name': 'Personal Media Shows'}, {'media_types': ['Artist'], 'primary_provider': True, 'fallback_agent': None, 'contributes_to': None, 'has_attribution': False, 'languages': ['xn'], 'persist_stored_files': True, 'version': 0, 'accepts_from': None, 'prefs': False, 'name': 'Personal Media Artists'}, {'media_types': ['Album'], 'primary_provider': True, 'fallback_agent': None, 'contributes_to': None, 'has_attribution': False, 'languages': ['xn'], 'persist_stored_files': True, 'version': 0, 'accepts_from': None, 'prefs': False, 'name': 'Personal Media Albums'}, {'media_types': ['Photo'], 'primary_provider': True, 'fallback_agent': None, 'contributes_to': None, 'has_attribution': False, 'languages': ['en', 'ar', 'bg', 'ca', 'cs', 'cy', 'da', 'de', 'el', 'es', 'et', 'fa', 'fi', 'fr', 'he', 'hi', 'hr', 'ht', 'hu', 'id', 'it', 'ja', 'ko', 'lt', 'lv', 'ms', 'mt', 'nl', 'no', 'pl', 'pt', 'ro', 'ru', 'sk', 'sv', 'sl', 'sr', 'th', 'tr', 'uk', 'ur', 'vi', 'zh', 'xn'], 'persist_stored_files': True, 'version': 0, 'accepts_from': None, 'prefs': False, 'name': 'Photos'}], 'tv.plex.agents.music': [{'media_types': ['Artist'], 'primary_provider': True, 'fallback_agent': None, 'contributes_to': None, 'has_attribution': True, 'languages': ['en', 'ar', 'bg', 'zh', 'hr', 'cs', 'da', 'nl', 'fi', 'fr', 'de', 'el', 'hu', 'id', 'it', 'ja', 'ko', 'nn', 'pl', 'pt', 'ro', 'ru', 'sr', 'sk', 'es', 'sv', 'th', 'tr', 'vi', 'xx'], 'persist_stored_files': True, 'version': 0, 'accepts_from': None, 'prefs': True, 'name': 'Plex Music'}, {'media_types': ['Album'], 'primary_provider': True, 'fallback_agent': None, 'contributes_to': None, 'has_attribution': True, 'languages': ['en', 'ar', 'bg', 'zh', 'hr', 'cs', 'da', 'nl', 'fi', 'fr', 'de', 'el', 'hu', 'id', 'it', 'ja', 'ko', 'nn', 'pl', 'pt', 'ro', 'ru', 'sr', 'sk', 'es', 'sv', 'th', 'tr', 'vi', 'xx'], 'persist_stored_files': True, 'version': 0, 'accepts_from': None, 'prefs': True, 'name': 'Plex Music'}], 'com.plexapp.agents.opensubtitles': [{'media_types': ['Movie'], 'primary_provider': False, 'fallback_agent': None, 'contributes_to': ['com.plexapp.agents.imdb'], 'has_attribution': False, 'languages': ['xn'], 'persist_stored_files': True, 'version': 0, 'accepts_from': None, 'prefs': True, 'name': 'OpenSubtitles.org'}, {'media_types': ['TV_Show'], 'primary_provider': False, 'fallback_agent': None, 'contributes_to': ['com.plexapp.agents.thetvdb'], 'has_attribution': False, 'languages': ['xn'], 'persist_stored_files': True, 'version': 0, 'accepts_from': None, 'prefs': True, 'name': 'OpenSubtitles.org'}], 'com.plexapp.agents.imdb': [{'media_types': ['Movie'], 'accepts_from': ['com.plexapp.agents.localmedia'], 'fallback_agent': None, 'contributes_to': ['com.plexapp.agents.themoviedb'], 'has_attribution': True, 'languages': ['en', 'sv', 'fr', 'es', 'nl', 'de', 'it', 'da', 'ar', 'ca', 'zh', 'cs', 'et', 'fi', 'el', 'he', 'hi', 'hu', 'id', 'ja', 'ko', 'lv', 'no', 'fa', 'pl', 'pt', 'ro', 'ru', 'sk', 'th', 'tr', 'uk', 'vi'], 'persist_stored_files': True, 'version': 0, 'primary_provider': True, 'prefs': True, 'name': 'Plex Movie'}], 'com.plexapp.agents.lyricfind': [{'media_types': ['Album'], 'primary_provider': False, 'fallback_agent': None, 'contributes_to': ['com.plexapp.agents.lastfm', 'tv.plex.agents.music', 'org.musicbrainz.agents.music'], 'has_attribution': True, 'languages': ['xn'], 'persist_stored_files': True, 'version': 0, 'accepts_from': None, 'prefs': False, 'name': 'LyricFind'}], 'com.plexapp.agents.thetvdb': [{'media_types': ['TV_Show'], 'primary_provider': True, 'fallback_agent': None, 'contributes_to': None, 'has_attribution': True, 'languages': ['en', 'fr', 'zh', 'sv', 'no', 'da', 'fi', 'nl', 'de', 'it', 'es', 'pl', 'hu', 'el', 'tr', 'ru', 'he', 'ja', 'pt', 'cs', 'ko', 'sl', 'hr'], 'persist_stored_files': True, 'version': 0, 'accepts_from': None, 'prefs': True, 'name': 'TheTVDB'}], 'tv.plex.agents.movie': [{'media_types': ['Movie'], 'primary_provider': True, 'fallback_agent': None, 'contributes_to': None, 'has_attribution': True, 'languages': [], 'persist_stored_files': True, 'version': 0, 'accepts_from': None, 'prefs': True, 'name': 'Plex Movie'}], 'tv.plex.agents.series': [{'media_types': ['TV_Show'], 'primary_provider': True, 'fallback_agent': None, 'contributes_to': None, 'has_attribution': True, 'languages': [], 'persist_stored_files': True, 'version': 0, 'accepts_from': None, 'prefs': True, 'name': 'Plex TV Series'}], 'com.plexapp.agents.lastfm': [{'media_types': ['Artist'], 'primary_provider': True, 'fallback_agent': None, 'contributes_to': None, 'has_attribution': True, 'languages': ['en', 'sv', 'fr', 'es', 'de', 'pl', 'it', 'pt', 'ja', 'tr', 'ru', 'zh'], 'persist_stored_files': True, 'version': 0, 'accepts_from': None, 'prefs': True, 'name': 'Last.fm'}, {'media_types': ['Album'], 'primary_provider': True, 'fallback_agent': None, 'contributes_to': None, 'has_attribution': True, 'languages': ['en', 'sv', 'fr', 'es', 'de', 'pl', 'it', 'pt', 'ja', 'tr', 'ru', 'zh'], 'persist_stored_files': True, 'version': 0, 'accepts_from': None, 'prefs': True, 'name': 'Last.fm'}], 'org.musicbrainz.agents.music': [{'media_types': ['Artist'], 'primary_provider': True, 'fallback_agent': None, 'contributes_to': None, 'has_attribution': True, 'languages': ['en', 'ar', 'bg', 'zh', 'hr', 'cs', 'da', 'nl', 'fi', 'fr', 'de', 'el', 'hu', 'id', 'it', 'ja', 'ko', 'nn', 'pl', 'pt', 'ro', 'ru', 'sr', 'sk', 'es', 'sv', 'th', 'tr', 'vi', 'xx'], 'persist_stored_files': True, 'version': 0, 'accepts_from': None, 'prefs': True, 'name': 'Musicbrainz'}, {'media_types': ['Album'], 'primary_provider': True, 'fallback_agent': None, 'contributes_to': None, 'has_attribution': True, 'languages': ['en', 'ar', 'bg', 'zh', 'hr', 'cs', 'da', 'nl', 'fi', 'fr', 'de', 'el', 'hu', 'id', 'it', 'ja', 'ko', 'nn', 'pl', 'pt', 'ro', 'ru', 'sr', 'sk', 'es', 'sv', 'th', 'tr', 'vi', 'xx'], 'persist_stored_files': True, 'version': 0, 'accepts_from': None, 'prefs': True, 'name': 'Musicbrainz'}], 'com.plexapp.agents.themoviedb': [{'media_types': ['Movie'], 'primary_provider': True, 'fallback_agent': None, 'contributes_to': None, 'has_attribution': True, 'languages': ['en', 'cs', 'da', 'de', 'el', 'es', 'fi', 'fr', 'he', 'hr', 'hu', 'it', 'lv', 'lt', 'nl', 'no', 'pl', 'pt', 'ru', 'sk', 'sv', 'th', 'tr', 'vi', 'zh', 'ko'], 'persist_stored_files': True, 'version': 0, 'accepts_from': ['com.plexapp.agents.localmedia'], 'prefs': True, 'name': 'The Movie Database'}, {'media_types': ['TV_Show'], 'primary_provider': True, 'fallback_agent': None, 'contributes_to': ['com.plexapp.agents.thetvdb'], 'has_attribution': True, 'languages': ['en', 'cs', 'da', 'de', 'el', 'es', 'fi', 'fr', 'he', 'hr', 'hu', 'it', 'lv', 'lt', 'nl', 'no', 'pl', 'pt', 'ru', 'sk', 'sv', 'th', 'tr', 'vi', 'zh', 'ko'], 'persist_stored_files': True, 'version': 0, 'accepts_from': ['com.plexapp.agents.localmedia', 'com.plexapp.agents.thetvdb'], 'prefs': True, 'name': 'The Movie Database'}], 'com.plexapp.agents.htbackdrops': [{'media_types': ['Artist'], 'primary_provider': False, 'fallback_agent': None, 'contributes_to': ['com.plexapp.agents.lastfm'], 'has_attribution': True, 'languages': ['ab', 'aa', 'af', 'ak', 'sq', 'am', 'ar', 'an', 'hy', 'as', 'av', 'ae', 'ay', 'az', 'bm', 'ba', 'eu', 'be', 'bn', 'bh', 'bi', 'bs', 'pb', 'br', 'bg', 'my', 'ca', 'ch', 'ce', 'ny', 'zh', 'cu', 'cv', 'kw', 'co', 'cr', 'hr', 'cs', 'da', 'dv', 'nl', 'dz', 'en', 'eo', 'et', 'ee', 'fo', 'fj', 'fi', 'fr', 'fy', 'ff', 'gd', 'gl', 'lg', 'ka', 'de', 'el', 'gn', 'gu', 'ht', 'ha', 'he', 'hz', 'hi', 'ho', 'hu', 'is', 'io', 'ig', 'id', 'ia', 'ie', 'iu', 'ik', 'ga', 'it', 'ja', 'jv', 'kl', 'kn', 'kr', 'ks', 'kk', 'km', 'ki', 'rw', 'ky', 'kv', 'kg', 'ko', 'kj', 'ku', 'lo', 'la', 'lv', 'li', 'ln', 'lt', 'lu', 'lb', 'mk', 'mg', 'ms', 'ml', 'mt', 'gv', 'mi', 'mr', 'mh', 'mo', 'mn', 'na', 'nv', 'ng', 'ne', 'xn', 'nd', 'no', 'nb', 'nn', 'oc', 'oj', 'or', 'om', 'os', 'pi', 'pa', 'fa', 'pl', 'pt', 'ps', 'qu', 'rm', 'ro', 'rn', 'ru', 'se', 'sm', 'sg', 'sa', 'sc', 'sr', 'sn', 'ii', 'sd', 'si', 'sk', 'sl', 'so', 'st', 'nr', 'es', 'su', 'sw', 'ss', 'sv', 'tl', 'ty', 'tg', 'ta', 'tt', 'te', 'th', 'bo', 'ti', 'to', 'ts', 'tn', 'tr', 'tk', 'tw', 'ug', 'uk', 'ur', 'uz', 've', 'vi', 'vo', 'wa', 'cy', 'wo', 'xh', 'yi', 'yo', 'za', 'zu'], 'persist_stored_files': True, 'version': 0, 'accepts_from': None, 'prefs': False, 'name': 'Home Theater Backdrops'}], 'com.plexapp.agents.movieposterdb': [{'media_types': ['Movie'], 'primary_provider': False, 'fallback_agent': None, 'contributes_to': ['com.plexapp.agents.imdb'], 'has_attribution': True, 'languages': ['xn'], 'persist_stored_files': True, 'version': 0, 'accepts_from': None, 'prefs': False, 'name': 'CineMaterial'}], 'com.plexapp.agents.localmedia': [{'media_types': ['Movie'], 'primary_provider': False, 'fallback_agent': None, 'contributes_to': ['com.plexapp.agents.imdb', 'com.plexapp.agents.none'], 'has_attribution': False, 'languages': ['xn'], 'persist_stored_files': False, 'version': 0, 'accepts_from': None, 'prefs': True, 'name': 'Local Media Assets (Movies)'}, {'media_types': ['TV_Show'], 'primary_provider': False, 'fallback_agent': None, 'contributes_to': ['com.plexapp.agents.thetvdb', 'com.plexapp.agents.none'], 'has_attribution': False, 'languages': ['xn'], 'persist_stored_files': False, 'version': 0, 'accepts_from': None, 'prefs': True, 'name': 'Local Media Assets (TV)'}, {'media_types': ['Artist'], 'primary_provider': False, 'fallback_agent': None, 'contributes_to': ['com.plexapp.agents.discogs', 'com.plexapp.agents.lastfm', 'com.plexapp.agents.plexmusic', 'com.plexapp.agents.none', 'tv.plex.agents.music', 'org.musicbrainz.agents.music'], 'has_attribution': False, 'languages': ['xn'], 'persist_stored_files': False, 'version': 0, 'accepts_from': None, 'prefs': True, 'name': 'Local Media Assets (Artists)'}, {'media_types': ['Artist'], 'primary_provider': False, 'fallback_agent': None, 'contributes_to': ['com.plexapp.agents.plexmusic'], 'has_attribution': False, 'languages': ['xn'], 'persist_stored_files': False, 'version': 2, 'accepts_from': None, 'prefs': True, 'name': 'Local Media Assets (Artists)'}, {'media_types': ['Album'], 'primary_provider': False, 'fallback_agent': None, 'contributes_to': ['com.plexapp.agents.discogs', 'com.plexapp.agents.lastfm', 'com.plexapp.agents.plexmusic', 'com.plexapp.agents.none', 'tv.plex.agents.music', 'org.musicbrainz.agents.music'], 'has_attribution': False, 'languages': ['xn'], 'persist_stored_files': False, 'version': 0, 'accepts_from': None, 'prefs': True, 'name': 'Local Media Assets (Albums)'}], 'com.plexapp.agents.plexthememusic': [{'media_types': ['TV_Show'], 'primary_provider': False, 'fallback_agent': None, 'contributes_to': ['com.plexapp.agents.thetvdb', 'com.plexapp.agents.thetvdbdvdorder', 'com.plexapp.agents.themoviedb'], 'has_attribution': False, 'languages': ['xn'], 'persist_stored_files': True, 'version': 0, 'accepts_from': None, 'prefs': False, 'name': 'Plex Theme Music'}]}
2022-11-29 06:58:44,258 (7feda930ab38) :  DEBUG (runtime:1117) - Created a thread named 'ensure_agent_info_exists_inner'
2022-11-29 06:58:44,290 (7feda8bffb38) :  INFO (datakit:131) - Saved the dictionary file
2022-11-29 06:58:44,299 (7feda930ab38) :  DEBUG (runtime:924) - Response: [200] MediaContainer, 11288 bytes
2022-11-29 06:58:44,300 (7feda8b97b38) :  DEBUG (runtime:1117) - Created a thread named 'ensure_agent_info_exists_inner'
2022-11-29 06:58:45,513 (7feda931db38) :  DEBUG (runtime:717) - Handling request GET /system/messaging/clear_events/com.plexapp.agents.imdb
2022-11-29 06:58:45,550 (7feda931db38) :  DEBUG (runtime:814) - Found route matching /system/messaging/clear_events/com.plexapp.agents.imdb
2022-11-29 06:58:45,570 (7feda931db38) :  DEBUG (runtime:88) - Sending packed state data (99 bytes)
2022-11-29 06:58:45,570 (7feda931db38) :  DEBUG (runtime:924) - Response: [200] str, 0 bytes
2022-11-29 06:58:45,685 (7feda931db38) :  DEBUG (runtime:717) - Handling request GET /:/plugins/com.plexapp.system/resourceHashes
2022-11-29 06:58:45,695 (7feda931db38) :  DEBUG (runtime:814) - Found route matching /:/plugins/com.plexapp.system/resourceHashes
2022-11-29 06:58:45,708 (7feda931db38) :  DEBUG (networking:143) - Requesting 'http://resources-cdn.plexapp.com/hashes.json'
2022-11-29 06:58:49,205 (7feda8bffb38) :  DEBUG (runtime:717) - Handling request GET /system/notify/serverUpdated?host=127.0.0.1
2022-11-29 06:58:49,208 (7feda8bffb38) :  DEBUG (runtime:814) - Found route matching /system/notify/serverUpdated
2022-11-29 06:58:49,209 (7feda8bffb38) :  DEBUG (peerservice:386) - Handling server update notification (127.0.0.1)
2022-11-29 06:58:49,210 (7feda8bffb38) :  DEBUG (peerservice:189) - Updating servers (True/False True/True/True)
2022-11-29 06:58:49,211 (7feda8bffb38) :  DEBUG (peerservice:164) - Fetching the current list of servers
2022-11-29 06:58:49,212 (7feda8bffb38) :  DEBUG (networking:143) - Requesting 'http://127.0.0.1:32400/servers'
2022-11-29 06:58:49,223 (7feda8bffb38) :  DEBUG (peerservice:198) - Found 1 servers
2022-11-29 06:58:49,224 (7feda8bffb38) :  DEBUG (peerservice:214) - Ignoring 260b669e1a56bb54937adf6dbda6473f09f92b9a because host != 127.0.0.1 (172.20.0.1)
2022-11-29 06:58:49,224 (7feda8bffb38) :  DEBUG (runtime:924) - Response: [200] str, 0 bytes
2022-11-29 06:58:49,309 (7feda9340b38) :  INFO (datakit:131) - Saved the dictionary file
2022-11-29 06:58:50,734 (7feda931db38) :  CRITICAL (runtime:1299) - Exception getting hosted resource hashes (most recent call last):
  File "/usr/lib/plexmediaserver/Resources/Plug-ins-6d72b0cf6/Framework.bundle/Contents/Resources/Versions/2/Python/Framework/components/runtime.py", line 1291, in get_resource_hashes
    json = self._core.networking.http_request("http://resources-cdn.plexapp.com/hashes.json", timeout=5).content
  File "/usr/lib/plexmediaserver/Resources/Plug-ins-6d72b0cf6/Framework.bundle/Contents/Resources/Versions/2/Python/Framework/components/networking.py", line 242, in content
    return self.__str__()
  File "/usr/lib/plexmediaserver/Resources/Plug-ins-6d72b0cf6/Framework.bundle/Contents/Resources/Versions/2/Python/Framework/components/networking.py", line 220, in __str__
    self.load()
  File "/usr/lib/plexmediaserver/Resources/Plug-ins-6d72b0cf6/Framework.bundle/Contents/Resources/Versions/2/Python/Framework/components/networking.py", line 158, in load
    f = self._opener.open(req, timeout=self._timeout)
  File "/usr/lib/plexmediaserver/Resources/Python/python27.zip/urllib2.py", line 429, in open
    response = self._open(req, data)
  File "/usr/lib/plexmediaserver/Resources/Python/python27.zip/urllib2.py", line 447, in _open
    '_open', req)
  File "/usr/lib/plexmediaserver/Resources/Python/python27.zip/urllib2.py", line 407, in _call_chain
    result = func(*args)
  File "/usr/lib/plexmediaserver/Resources/Python/python27.zip/urllib2.py", line 1228, in http_open
    return self.do_open(httplib.HTTPConnection, req)
  File "/usr/lib/plexmediaserver/Resources/Python/python27.zip/urllib2.py", line 1198, in do_open
    raise URLError(err)
URLError: <urlopen error [Errno -3] Try again>

2022-11-29 06:58:50,737 (7feda931db38) :  DEBUG (runtime:88) - Sending packed state data (99 bytes)
2022-11-29 06:58:50,739 (7feda931db38) :  DEBUG (runtime:924) - Response: [404] NoneType, 0 bytes
2022-11-29 06:58:50,779 (7feda9340b38) :  DEBUG (runtime:717) - Handling request GET /:/plugins/com.plexapp.system/messaging/function/X0J1bmRsZVNlcnZpY2U6QWxsU2VydmljZXM_/Y2VyZWFsMQoxCmxpc3QKMApyMAo_/Y2VyZWFsMQoxCmRpY3QKMApyMAo_
2022-11-29 06:58:50,780 (7feda9340b38) :  DEBUG (runtime:49) - Received packed state data (80 bytes)
2022-11-29 06:58:50,781 (7feda9340b38) :  DEBUG (runtime:814) - Found route matching /:/plugins/com.plexapp.system/messaging/function/X0J1bmRsZVNlcnZpY2U6QWxsU2VydmljZXM_/Y2VyZWFsMQoxCmxpc3QKMApyMAo_/Y2VyZWFsMQoxCmRpY3QKMApyMAo_
2022-11-29 06:58:50,782 (7feda9340b38) :  DEBUG (runtime:88) - Sending packed state data (99 bytes)
2022-11-29 06:58:50,783 (7feda9340b38) :  DEBUG (runtime:924) - Response: [200] str, 516 bytes
2022-11-29 06:58:51,158 (7feda9340b38) :  DEBUG (runtime:717) - Handling request GET /:/plugins/com.plexapp.system/messaging/function/X0FnZW50U2VydmljZTpVcGRhdGVJbmZv/Y2VyZWFsMQoxCmxpc3QKMApyMAo_/Y2VyZWFsMQo3CmRpY3QKbGlzdApkaWN0Cmxpc3QKbGlzdApsaXN0Cmxpc3QKMgpzMjMKY29tLnBsZXhhcHAuYWdlbnRzLmltZGJzMTAKaWRlbnRpZmllcnIxCnMxMAphZ2VudF9pbmZvMQpyMgoxMApyMwpzMTEKbWVkaWFfdHlwZXNyNApzMTIKYWNjZXB0c19mcm9tbnMxNApmYWxsYmFja19hZ2VudHI1CnMxNApjb250cmlidXRlc190b3I2CnM5Cmxhbmd1YWdlc2IxczIwCnBlcnNpc3Rfc3RvcmVkX2ZpbGVzaTAKczcKdmVyc2lvbmIxczE2CnByaW1hcnlfcHJvdmlkZXJiMXM1CnByZWZzczEwClBsZXggTW92aWVzNApuYW1lMQpzNQpNb3ZpZTEKczI5CmNvbS5wbGV4YXBwLmFnZW50cy5sb2NhbG1lZGlhMQpzMjkKY29tLnBsZXhhcHAuYWdlbnRzLnRoZW1vdmllZGIzMwpzMgplbnMyCnN2czIKZnJzMgplc3MyCm5sczIKZGVzMgppdHMyCmRhczIKYXJzMgpjYXMyCnpoczIKY3NzMgpldHMyCmZpczIKZWxzMgpoZXMyCmhpczIKaHVzMgppZHMyCmphczIKa29zMgpsdnMyCm5vczIKZmFzMgpwbHMyCnB0czIKcm9zMgpydXMyCnNrczIKdGhzMgp0cnMyCnVrczIKdmlyMAo_
2022-11-29 06:58:51,159 (7feda9340b38) :  DEBUG (runtime:49) - Received packed state data (80 bytes)
2022-11-29 06:58:51,159 (7feda9340b38) :  DEBUG (runtime:814) - Found route matching /:/plugins/com.plexapp.system/messaging/function/X0FnZW50U2VydmljZTpVcGRhdGVJbmZv/Y2VyZWFsMQoxCmxpc3QKMApyMAo_/Y2VyZWFsMQo3CmRpY3QKbGlzdApkaWN0Cmxpc3QKbGlzdApsaXN0Cmxpc3QKMgpzMjMKY29tLnBsZXhhcHAuYWdlbnRzLmltZGJzMTAKaWRlbnRpZmllcnIxCnMxMAphZ2VudF9pbmZvMQpyMgoxMApyMwpzMTEKbWVkaWFfdHlwZXNyNApzMTIKYWNjZXB0c19mcm9tbnMxNApmYWxsYmFja19hZ2VudHI1CnMxNApjb250cmlidXRlc190b3I2CnM5Cmxhbmd1YWdlc2IxczIwCnBlcnNpc3Rfc3RvcmVkX2ZpbGVzaTAKczcKdmVyc2lvbmIxczE2CnByaW1hcnlfcHJvdmlkZXJiMXM1CnByZWZzczEwClBsZXggTW92aWVzNApuYW1lMQpzNQpNb3ZpZTEKczI5CmNvbS5wbGV4YXBwLmFnZW50cy5sb2NhbG1lZGlhMQpzMjkKY29tLnBsZXhhcHAuYWdlbnRzLnRoZW1vdmllZGIzMwpzMgplbnMyCnN2czIKZnJzMgplc3MyCm5sczIKZGVzMgppdHMyCmRhczIKYXJzMgpjYXMyCnpoczIKY3NzMgpldHMyCmZpczIKZWxzMgpoZXMyCmhpczIKaHVzMgppZHMyCmphczIKa29zMgpsdnMyCm5vczIKZmFzMgpwbHMyCnB0czIKcm9zMgpydXMyCnNrczIKdGhzMgp0cnMyCnVrczIKdmlyMAo_
2022-11-29 06:58:51,160 (7feda9340b38) :  INFO (agentservice:175) - Receiving agent info from com.plexapp.agents.imdb: [{'media_types': ['Movie'], 'primary_provider': True, 'fallback_agent': None, 'contributes_to': ['com.plexapp.agents.themoviedb'], 'languages': ['en', 'sv', 'fr', 'es', 'nl', 'de', 'it', 'da', 'ar', 'ca', 'zh', 'cs', 'et', 'fi', 'el', 'he', 'hi', 'hu', 'id', 'ja', 'ko', 'lv', 'no', 'fa', 'pl', 'pt', 'ro', 'ru', 'sk', 'th', 'tr', 'uk', 'vi'], 'persist_stored_files': True, 'version': 0, 'accepts_from': ['com.plexapp.agents.localmedia'], 'prefs': True, 'name': 'Plex Movie'}]
2022-11-29 06:58:51,161 (7feda9340b38) :  DEBUG (runtime:88) - Sending packed state data (99 bytes)
2022-11-29 06:58:51,161 (7feda9340b38) :  DEBUG (runtime:924) - Response: [200] str, 16 bytes
2022-11-29 06:58:56,170 (7feda931db38) :  INFO (datakit:131) - Saved the dictionary file
2022-11-29 06:59:14,213 (7feda9340b38) :  DEBUG (runtime:717) - Handling request GET /system/notify/serverUpdated?host=192.168.1.215
2022-11-29 06:59:14,216 (7feda9340b38) :  DEBUG (runtime:814) - Found route matching /system/notify/serverUpdated
2022-11-29 06:59:14,217 (7feda9340b38) :  DEBUG (peerservice:386) - Handling server update notification (192.168.1.215)
2022-11-29 06:59:14,218 (7feda9340b38) :  DEBUG (peerservice:189) - Updating servers (True/False True/True/True)
2022-11-29 06:59:14,219 (7feda9340b38) :  DEBUG (peerservice:164) - Fetching the current list of servers
2022-11-29 06:59:14,221 (7feda9340b38) :  DEBUG (networking:143) - Requesting 'http://127.0.0.1:32400/servers'
2022-11-29 06:59:14,228 (7feda9340b38) :  DEBUG (peerservice:198) - Found 2 servers
2022-11-29 06:59:14,229 (7feda9340b38) :  DEBUG (peerservice:214) - Ignoring 260b669e1a56bb54937adf6dbda6473f09f92b9a because host != 192.168.1.215 (192.168.1.184)
2022-11-29 06:59:14,231 (7feda9340b38) :  DEBUG (networking:143) - Requesting 'http://127.0.0.1:32400'
2022-11-29 06:59:14,239 (7feda9340b38) :  DEBUG (core:521) - Attribute 'machineIdentifier' set to '260b669e1a56bb54937adf6dbda6473f09f92b9a'
2022-11-29 06:59:14,241 (7feda9340b38) :  DEBUG (runtime:924) - Response: [200] str, 0 bytes
2022-11-29 07:00:44,168 (7feda92c3b38) :  DEBUG (runtime:1156) - Starting timed thread named 'refresh_servers'
2022-11-29 07:00:44,170 (7feda92c3b38) :  DEBUG (peerservice:164) - Fetching the current list of servers
2022-11-29 07:00:44,173 (7feda92c3b38) :  DEBUG (networking:143) - Requesting 'http://127.0.0.1:32400/servers'
2022-11-29 07:00:44,179 (7feda92c3b38) :  DEBUG (peerservice:171) - Refreshing local server
2022-11-29 07:00:44,180 (7feda92c3b38) :  DEBUG (peerservice:189) - Updating servers (True/False True/True/True)
2022-11-29 07:00:44,181 (7feda92c3b38) :  DEBUG (peerservice:198) - Found 2 servers
2022-11-29 07:00:44,182 (7feda92c3b38) :  DEBUG (peerservice:230) - Creating new server laptop (260b669e1a56bb54937adf6dbda6473f09f92b9a)
2022-11-29 07:00:44,184 (7feda92c3b38) :  DEBUG (networking:143) - Requesting 'http://127.0.0.1:32400/library/sections'
2022-11-29 07:00:44,547 (7feda92c3b38) :  DEBUG (networking:143) - Requesting 'http://127.0.0.1:32400/channels/all'
2022-11-29 07:00:44,554 (7feda9340b38) :  DEBUG (peerservice:176) - Background-refreshing remote servers
2022-11-29 07:00:44,554 (7feda92c3b38) :  DEBUG (runtime:1117) - Created a thread named 'background_refresh'
2022-11-29 07:00:44,555 (7feda9340b38) :  DEBUG (peerservice:189) - Updating servers (True/False True/True/True)
2022-11-29 07:00:44,558 (7feda9340b38) :  DEBUG (peerservice:198) - Found 2 servers
2022-11-29 07:00:44,559 (7feda9340b38) :  DEBUG (peerservice:233) - Updating existing server laptop (260b669e1a56bb54937adf6dbda6473f09f92b9a)
2022-11-29 07:00:44,561 (7feda9340b38) :  DEBUG (networking:143) - Requesting 'http://127.0.0.1:32400/library/sections'
2022-11-29 07:00:44,568 (7feda9340b38) :  DEBUG (networking:143) - Requesting 'http://127.0.0.1:32400/channels/all'
2022-11-29 07:58:44,171 (7feda8d37b38) :  DEBUG (runtime:1156) - Starting timed thread named 'invalidation_timer'
